000104ac r 
         U abort
00021044 B __bss_end__
00021044 B _bss_end__
00021028 B __bss_start
00021028 B __bss_start__
00021028 b completed.8704
00021020 D __data_start
00021020 W data_start
         w __deregister_frame_info
00010390 t deregister_tm_clones
000103f4 t __do_global_dtors_aux
00020f44 t __do_global_dtors_aux_fini_array_entry
00021024 D __dso_handle
00020f48 d _DYNAMIC
00021028 D _edata
00021044 B _end
00021044 B __end__
0001048c T _fini
0001043c t frame_dummy
00020f40 t __frame_dummy_init_array_entry
000104ac r __FRAME_END__
00021000 d _GLOBAL_OFFSET_TABLE_
000102f4 T _init
0001046c T main
0002102c b object.8709
         U puts
         w __register_frame_info
000103bc t register_tm_clones
00010354 T _start
00021028 D __TMC_END__
         U __uClibc_main
