ELF Header:
  Magic:   7f 45 4c 46 01 01 01 00 00 00 00 00 00 00 00 00 
  Class:                             ELF32
  Data:                              2's complement, little endian
  Version:                           1 (current)
  OS/ABI:                            UNIX - System V
  ABI Version:                       0
  Type:                              REL (Relocatable file)
  Machine:                           ARM
  Version:                           0x1
  Entry point address:               0x0
  Start of program headers:          0 (bytes into file)
  Start of section headers:          552 (bytes into file)
  Flags:                             0x5000000, Version5 EABI
  Size of this header:               52 (bytes)
  Size of program headers:           0 (bytes)
  Number of program headers:         0
  Size of section headers:           40 (bytes)
  Number of section headers:         12
  Section header string table index: 11

Section Headers:
  [Nr] Name              Type            Addr     Off    Size   ES Flg Lk Inf Al
  [ 0]                   NULL            00000000 000000 000000 00      0   0  0
  [ 1] .text             PROGBITS        00000000 000034 000020 00  AX  0   0  4
  [ 2] .rel.text         REL             00000000 0001b4 000010 08   I  9   1  4
  [ 3] .data             PROGBITS        00000000 000054 000000 00  WA  0   0  1
  [ 4] .bss              NOBITS          00000000 000054 000000 00  WA  0   0  1
  [ 5] .rodata           PROGBITS        00000000 000054 000010 00   A  0   0  4
  [ 6] .comment          PROGBITS        00000000 000064 000022 01  MS  0   0  1
  [ 7] .note.GNU-stack   PROGBITS        00000000 000086 000000 00      0   0  1
  [ 8] .ARM.attributes   ARM_ATTRIBUTES  00000000 000086 000032 00      0   0  1
  [ 9] .symtab           SYMTAB          00000000 0000b8 0000e0 10     10  12  4
  [10] .strtab           STRTAB          00000000 000198 00001b 00      0   0  1
  [11] .shstrtab         STRTAB          00000000 0001c4 000061 00      0   0  1
Key to Flags:
  W (write), A (alloc), X (execute), M (merge), S (strings), I (info),
  L (link order), O (extra OS processing required), G (group), T (TLS),
  C (compressed), x (unknown), o (OS specific), E (exclude),
  y (purecode), p (processor specific)

There are no section groups in this file.

There are no program headers in this file.

There is no dynamic section in this file.

Relocation section '.rel.text' at offset 0x1b4 contains 2 entries:
 Offset     Info    Type            Sym.Value  Sym. Name
0000000c  00000d1c R_ARM_CALL        00000000   puts
0000001c  00000502 R_ARM_ABS32       00000000   .rodata

There are no unwind sections in this file.

Symbol table '.symtab' contains 14 entries:
   Num:    Value  Size Type    Bind   Vis      Ndx Name
     0: 00000000     0 NOTYPE  LOCAL  DEFAULT  UND 
     1: 00000000     0 FILE    LOCAL  DEFAULT  ABS printer.c
     2: 00000000     0 SECTION LOCAL  DEFAULT    1 
     3: 00000000     0 SECTION LOCAL  DEFAULT    3 
     4: 00000000     0 SECTION LOCAL  DEFAULT    4 
     5: 00000000     0 SECTION LOCAL  DEFAULT    5 
     6: 00000000     0 NOTYPE  LOCAL  DEFAULT    5 $d
     7: 00000000     0 NOTYPE  LOCAL  DEFAULT    1 $a
     8: 0000001c     0 NOTYPE  LOCAL  DEFAULT    1 $d
     9: 00000000     0 SECTION LOCAL  DEFAULT    7 
    10: 00000000     0 SECTION LOCAL  DEFAULT    6 
    11: 00000000     0 SECTION LOCAL  DEFAULT    8 
    12: 00000000    32 FUNC    GLOBAL DEFAULT    1 main
    13: 00000000     0 NOTYPE  GLOBAL DEFAULT  UND puts

No version information found in this file.
Attribute Section: aeabi
File Attributes
  Tag_CPU_name: "ARM926EJ-S"
  Tag_CPU_arch: v5TEJ
  Tag_ARM_ISA_use: Yes
  Tag_THUMB_ISA_use: Thumb-1
  Tag_ABI_PCS_wchar_t: 4
  Tag_ABI_FP_denormal: Needed
  Tag_ABI_FP_exceptions: Needed
  Tag_ABI_FP_number_model: IEEE 754
  Tag_ABI_align_needed: 8-byte
  Tag_ABI_align_preserved: 8-byte, except leaf SP
  Tag_ABI_enum_size: int
  Tag_ABI_optimization_goals: Aggressive Debug
